<?xml version="1.0" encoding="UTF-8"?>
<!-- Generated by org.testng.reporters.JUnitReportReporter -->
<testsuite hostname="INBOOK_X2" failures="0" tests="1" name="testRunner.Runner" time="0.625" errors="0" timestamp="2024-10-03T23:13:09 WIB" skipped="1">
  <testcase classname="testRunner.Runner" name="runScenario" time="0.625">
    <skipped/>
  </testcase> <!-- runScenario -->
  <system-out/>
</testsuite> <!-- testRunner.Runner -->
